app-build-temp/outputs/logs/manifest-merger-debug-report.txt
-- Merging decision tree log ---
manifest
ADDED from src/main/AndroidManifest.xml:2:1-33:12
INJECTED from src/main/AndroidManifest.xml:2:1-33:12
INJECTED from src/main/AndroidManifest.xml:2:1-33:12
INJECTED from src/main/AndroidManifest.xml:2:1-33:12
INJECTED from src/main/AndroidManifest.xml:2:1-33:12
INJECTED from src/main/AndroidManifest.xml:2:1-33:12
INJECTED from src/main/AndroidManifest.xml:2:1-33:12
	package
		INJECTED from src/main/AndroidManifest.xml
		ADDED from src/main/AndroidManifest.xml:2:1-33:12
		INJECTED from src/main/AndroidManifest.xml
	android:versionName
		ADDED from src/main/AndroidManifest.xml:4:2-29
		INJECTED from src/main/AndroidManifest.xml
		INJECTED from src/main/AndroidManifest.xml
	xmlns:android
		ADDED from src/main/AndroidManifest.xml:2:11-69
	android:versionCode
		ADDED from src/main/AndroidManifest.xml:3:2-25
		INJECTED from src/main/AndroidManifest.xml
		INJECTED from src/main/AndroidManifest.xml
application
ADDED from src/main/AndroidManifest.xml:5:2-30:16
	android:label
		ADDED from src/main/AndroidManifest.xml:5:45-77
	android:icon
		ADDED from src/main/AndroidManifest.xml:5:15-44
	android:theme
		ADDED from src/main/AndroidManifest.xml:5:78-112
provider#it.hyperdata.thiki.LocalFileContentProvider
ADDED from src/main/AndroidManifest.xml:6:3-7:58
	android:authorities
		ADDED from src/main/AndroidManifest.xml:7:4-55
	android:name
		ADDED from src/main/AndroidManifest.xml:6:13-72
activity#it.hyperdata.thiki.PagesListActivity
ADDED from src/main/AndroidManifest.xml:8:3-68
	android:name
		ADDED from src/main/AndroidManifest.xml:8:13-65
activity#it.hyperdata.thiki.NewPageNameActivity
ADDED from src/main/AndroidManifest.xml:9:3-123
	android:theme
		ADDED from src/main/AndroidManifest.xml:9:68-111
	android:name
		ADDED from src/main/AndroidManifest.xml:9:13-67
activity#it.hyperdata.thiki.EditPageActivity
ADDED from src/main/AndroidManifest.xml:10:3-76
	android:name
		ADDED from src/main/AndroidManifest.xml:10:13-64
activity#it.hyperdata.thiki.ViewPageActivity
ADDED from src/main/AndroidManifest.xml:11:3-16:14
	android:name
		ADDED from src/main/AndroidManifest.xml:11:13-64
intent-filter#action:name:android.intent.action.MAIN+category:name:android.intent.category.LAUNCHER
ADDED from src/main/AndroidManifest.xml:12:4-15:20
action#android.intent.action.MAIN
ADDED from src/main/AndroidManifest.xml:13:5-57
	android:name
		ADDED from src/main/AndroidManifest.xml:13:13-54
category#android.intent.category.LAUNCHER
ADDED from src/main/AndroidManifest.xml:14:5-65
	android:name
		ADDED from src/main/AndroidManifest.xml:14:15-62
activity#it.hyperdata.thiki.sync.EditSyncPreferencesActivity
ADDED from src/main/AndroidManifest.xml:17:3-83
	android:name
		ADDED from src/main/AndroidManifest.xml:17:13-80
activity#com.dropbox.client2.android.AuthActivity
ADDED from src/main/AndroidManifest.xml:18:2-29:16
	android:launchMode
		ADDED from src/main/AndroidManifest.xml:20:7-38
	android:configChanges
		ADDED from src/main/AndroidManifest.xml:21:7-51
	android:name
		ADDED from src/main/AndroidManifest.xml:19:7-62
intent-filter#action:name:android.intent.action.VIEW+category:name:android.intent.category.BROWSABLE+category:name:android.intent.category.DEFAULT+data:scheme:db-rr7u6lr6lo1i78b
ADDED from src/main/AndroidManifest.xml:22:7-28:23
data
ADDED from src/main/AndroidManifest.xml:23:9-53
	android:scheme
		ADDED from src/main/AndroidManifest.xml:23:15-50
action#android.intent.action.VIEW
ADDED from src/main/AndroidManifest.xml:25:9-61
	android:name
		ADDED from src/main/AndroidManifest.xml:25:17-58
category#android.intent.category.BROWSABLE
ADDED from src/main/AndroidManifest.xml:26:9-69
	android:name
		ADDED from src/main/AndroidManifest.xml:26:19-67
category#android.intent.category.DEFAULT
ADDED from src/main/AndroidManifest.xml:27:9-68
	android:name
		ADDED from src/main/AndroidManifest.xml:27:19-65
uses-permission#android.permission.INTERNET
ADDED from src/main/AndroidManifest.xml:31:2-64
	android:name
		ADDED from src/main/AndroidManifest.xml:31:19-61
uses-permission#android.permission.WRITE_EXTERNAL_STORAGE
ADDED from src/main/AndroidManifest.xml:32:2-78
	android:name
		ADDED from src/main/AndroidManifest.xml:32:19-75
uses-sdk
INJECTED from src/main/AndroidManifest.xml reason: use-sdk injection requested
INJECTED from src/main/AndroidManifest.xml
INJECTED from src/main/AndroidManifest.xml
INJECTED from src/main/AndroidManifest.xml
INJECTED from src/main/AndroidManifest.xml
	android:targetSdkVersion
		INJECTED from src/main/AndroidManifest.xml
		ADDED from src/main/AndroidManifest.xml
		INJECTED from src/main/AndroidManifest.xml
	android:minSdkVersion
		INJECTED from src/main/AndroidManifest.xml
		ADDED from src/main/AndroidManifest.xml
		INJECTED from src/main/AndroidManifest.xml